<?xml version="1.0" encoding="UTF-8"?>
<coverage generated="1519182017700" clover="3.2.0">
  <project timestamp="1519182017700" name="All files">
    <metrics statements="35" coveredstatements="30" conditionals="17" coveredconditionals="15" methods="19" coveredmethods="15" elements="71" coveredelements="60" complexity="0" loc="35" ncloc="35" packages="7" files="15" classes="15">
      <package name="SpotifyApp">
        <metrics statements="1" coveredstatements="1" conditionals="0" coveredconditionals="0" methods="0" coveredmethods="0"/>
        <file name="test-setup.js" path="/development/SpotifyApp/test-setup.js">
          <metrics statements="1" coveredstatements="1" conditionals="0" coveredconditionals="0" methods="0" coveredmethods="0"/>
          <line num="4" count="7" type="stmt"/>
        </file>
      </package>
      <package name="SpotifyApp.src.app.actions">
        <metrics statements="2" coveredstatements="2" conditionals="0" coveredconditionals="0" methods="1" coveredmethods="1"/>
        <file name="device.js" path="/development/SpotifyApp/src/app/actions/device.js">
          <metrics statements="1" coveredstatements="1" conditionals="0" coveredconditionals="0" methods="1" coveredmethods="1"/>
          <line num="4" count="1" type="stmt"/>
        </file>
        <file name="types.js" path="/development/SpotifyApp/src/app/actions/types.js">
          <metrics statements="1" coveredstatements="1" conditionals="0" coveredconditionals="0" methods="0" coveredmethods="0"/>
          <line num="3" count="2" type="stmt"/>
        </file>
      </package>
      <package name="SpotifyApp.src.app.components">
        <metrics statements="21" coveredstatements="18" conditionals="14" coveredconditionals="12" methods="10" coveredmethods="8"/>
        <file name="app.jsx" path="/development/SpotifyApp/src/app/components/app.jsx">
          <metrics statements="3" coveredstatements="3" conditionals="0" coveredconditionals="0" methods="1" coveredmethods="1"/>
          <line num="8" count="2" type="stmt"/>
          <line num="9" count="2" type="stmt"/>
          <line num="16" count="2" type="stmt"/>
        </file>
        <file name="footer.jsx" path="/development/SpotifyApp/src/app/components/footer.jsx">
          <metrics statements="2" coveredstatements="2" conditionals="0" coveredconditionals="0" methods="1" coveredmethods="1"/>
          <line num="3" count="2" type="stmt"/>
          <line num="4" count="1" type="stmt"/>
        </file>
        <file name="header.jsx" path="/development/SpotifyApp/src/app/components/header.jsx">
          <metrics statements="10" coveredstatements="8" conditionals="8" coveredconditionals="6" methods="4" coveredmethods="3"/>
          <line num="6" count="3" type="stmt"/>
          <line num="7" count="10" type="stmt"/>
          <line num="8" count="10" type="cond" truecount="2" falsecount="0"/>
          <line num="9" count="2" type="stmt"/>
          <line num="11" count="8" type="cond" truecount="2" falsecount="0"/>
          <line num="14" count="10" type="stmt"/>
          <line num="31" count="0" type="cond" truecount="0" falsecount="2"/>
          <line num="34" count="0" type="stmt"/>
          <line num="46" count="3" type="stmt"/>
          <line num="51" count="3" type="stmt"/>
        </file>
        <file name="index.js" path="/development/SpotifyApp/src/app/components/index.js">
          <metrics statements="0" coveredstatements="0" conditionals="0" coveredconditionals="0" methods="0" coveredmethods="0"/>
        </file>
        <file name="login.jsx" path="/development/SpotifyApp/src/app/components/login.jsx">
          <metrics statements="4" coveredstatements="4" conditionals="6" coveredconditionals="6" methods="2" coveredmethods="2"/>
          <line num="6" count="3" type="stmt"/>
          <line num="7" count="7" type="stmt"/>
          <line num="25" count="3" type="stmt"/>
          <line num="29" count="3" type="stmt"/>
        </file>
        <file name="router.jsx" path="/development/SpotifyApp/src/app/components/router.jsx">
          <metrics statements="1" coveredstatements="1" conditionals="0" coveredconditionals="0" methods="1" coveredmethods="1"/>
          <line num="9" count="1" type="stmt"/>
        </file>
        <file name="user_stats.jsx" path="/development/SpotifyApp/src/app/components/user_stats.jsx">
          <metrics statements="1" coveredstatements="0" conditionals="0" coveredconditionals="0" methods="1" coveredmethods="0"/>
          <line num="4" count="0" type="stmt"/>
        </file>
      </package>
      <package name="SpotifyApp.src.app.components.hoc">
        <metrics statements="7" coveredstatements="5" conditionals="0" coveredconditionals="0" methods="6" coveredmethods="4"/>
        <file name="index.js" path="/development/SpotifyApp/src/app/components/hoc/index.js">
          <metrics statements="0" coveredstatements="0" conditionals="0" coveredconditionals="0" methods="0" coveredmethods="0"/>
        </file>
        <file name="size_detector.jsx" path="/development/SpotifyApp/src/app/components/hoc/size_detector.jsx">
          <metrics statements="7" coveredstatements="5" conditionals="0" coveredconditionals="0" methods="6" coveredmethods="4"/>
          <line num="8" count="1" type="stmt"/>
          <line num="10" count="1" type="stmt"/>
          <line num="14" count="1" type="stmt"/>
          <line num="18" count="0" type="stmt"/>
          <line num="22" count="0" type="stmt"/>
          <line num="26" count="1" type="stmt"/>
          <line num="35" count="2" type="stmt"/>
        </file>
      </package>
      <package name="SpotifyApp.src.app.reducers">
        <metrics statements="3" coveredstatements="3" conditionals="3" coveredconditionals="3" methods="1" coveredmethods="1"/>
        <file name="device.js" path="/development/SpotifyApp/src/app/reducers/device.js">
          <metrics statements="3" coveredstatements="3" conditionals="3" coveredconditionals="3" methods="1" coveredmethods="1"/>
          <line num="5" count="2" type="cond" truecount="2" falsecount="0"/>
          <line num="7" count="1" type="stmt"/>
          <line num="9" count="1" type="stmt"/>
        </file>
      </package>
      <package name="SpotifyApp.src.app.util">
        <metrics statements="1" coveredstatements="1" conditionals="0" coveredconditionals="0" methods="1" coveredmethods="1"/>
        <file name="is_device_mobile.js" path="/development/SpotifyApp/src/app/util/is_device_mobile.js">
          <metrics statements="1" coveredstatements="1" conditionals="0" coveredconditionals="0" methods="1" coveredmethods="1"/>
          <line num="1" count="7" type="stmt"/>
        </file>
      </package>
      <package name="SpotifyApp.src.test.app">
        <metrics statements="0" coveredstatements="0" conditionals="0" coveredconditionals="0" methods="0" coveredmethods="0"/>
        <file name="initial_state.js" path="/development/SpotifyApp/src/test/app/initial_state.js">
          <metrics statements="0" coveredstatements="0" conditionals="0" coveredconditionals="0" methods="0" coveredmethods="0"/>
        </file>
      </package>
    </metrics>
  </project>
</coverage>
