{"/development/SpotifyApp/test-setup.js": {"path":"/development/SpotifyApp/test-setup.js","statementMap":{"0":{"start":{"line":4,"column":0},"end":{"line":4,"column":38}}},"fnMap":{},"branchMap":{},"s":{"0":7},"f":{},"b":{},"_coverageSchema":"332fd63041d2c1bcb487cc26dd0d5f7d97098a6c","hash":"c98453eb4c042d0b0c45c5e2e5a32d6627fb2a16"}
,"/development/SpotifyApp/src/app/actions/device.js": {"path":"/development/SpotifyApp/src/app/actions/device.js","statementMap":{"0":{"start":{"line":4,"column":2},"end":{"line":4,"column":60}}},"fnMap":{"0":{"name":"(anonymous_0)","decl":{"start":{"line":3,"column":15},"end":{"line":3,"column":16}},"loc":{"start":{"line":4,"column":2},"end":{"line":4,"column":60}},"line":4}},"branchMap":{},"s":{"0":1},"f":{"0":1},"b":{},"_coverageSchema":"332fd63041d2c1bcb487cc26dd0d5f7d97098a6c","hash":"356287dfc87a92b6f0ebee14855e1dcfd18c58b1"}
,"/development/SpotifyApp/src/app/actions/types.js": {"path":"/development/SpotifyApp/src/app/actions/types.js","statementMap":{"0":{"start":{"line":3,"column":35},"end":{"line":3,"column":56}}},"fnMap":{},"branchMap":{},"s":{"0":2},"f":{},"b":{},"_coverageSchema":"332fd63041d2c1bcb487cc26dd0d5f7d97098a6c","hash":"dc1397b793ee935da46768f8a2fba07ccf06b24f"}
,"/development/SpotifyApp/src/app/components/app.jsx": {"path":"/development/SpotifyApp/src/app/components/app.jsx","statementMap":{"0":{"start":{"line":8,"column":19},"end":{"line":14,"column":1}},"1":{"start":{"line":9,"column":2},"end":{"line":13,"column":8}},"2":{"start":{"line":16,"column":0},"end":{"line":18,"column":2}}},"fnMap":{"0":{"name":"(anonymous_0)","decl":{"start":{"line":8,"column":19},"end":{"line":8,"column":20}},"loc":{"start":{"line":9,"column":2},"end":{"line":13,"column":8}},"line":9}},"branchMap":{},"s":{"0":2,"1":2,"2":2},"f":{"0":2},"b":{},"_coverageSchema":"332fd63041d2c1bcb487cc26dd0d5f7d97098a6c","hash":"39c6ae662940e1cf1dd00b2f6af509a361ef7642"}
,"/development/SpotifyApp/src/app/components/footer.jsx": {"path":"/development/SpotifyApp/src/app/components/footer.jsx","statementMap":{"0":{"start":{"line":3,"column":15},"end":{"line":5,"column":1}},"1":{"start":{"line":4,"column":2},"end":{"line":4,"column":9}}},"fnMap":{"0":{"name":"(anonymous_0)","decl":{"start":{"line":3,"column":15},"end":{"line":3,"column":16}},"loc":{"start":{"line":4,"column":2},"end":{"line":4,"column":9}},"line":4}},"branchMap":{},"s":{"0":2,"1":1},"f":{"0":1},"b":{},"_coverageSchema":"332fd63041d2c1bcb487cc26dd0d5f7d97098a6c","hash":"5ccf310346a5fcf63112665696bb25c3322520e7"}
,"/development/SpotifyApp/src/app/components/header.jsx": {"path":"/development/SpotifyApp/src/app/components/header.jsx","statementMap":{"0":{"start":{"line":6,"column":25},"end":{"line":44,"column":1}},"1":{"start":{"line":7,"column":29},"end":{"line":12,"column":3}},"2":{"start":{"line":8,"column":4},"end":{"line":10,"column":5}},"3":{"start":{"line":9,"column":6},"end":{"line":9,"column":22}},"4":{"start":{"line":11,"column":4},"end":{"line":11,"column":69}},"5":{"start":{"line":14,"column":2},"end":{"line":43,"column":4}},"6":{"start":{"line":31,"column":14},"end":{"line":35,"column":15}},"7":{"start":{"line":34,"column":16},"end":{"line":34,"column":68}},"8":{"start":{"line":46,"column":0},"end":{"line":49,"column":2}},"9":{"start":{"line":51,"column":24},"end":{"line":51,"column":68}},"10":{"start":{"line":51,"column":49},"end":{"line":51,"column":67}}},"fnMap":{"0":{"name":"(anonymous_0)","decl":{"start":{"line":6,"column":25},"end":{"line":6,"column":26}},"loc":{"start":{"line":6,"column":36},"end":{"line":44,"column":1}},"line":6},"1":{"name":"(anonymous_1)","decl":{"start":{"line":7,"column":29},"end":{"line":7,"column":30}},"loc":{"start":{"line":7,"column":35},"end":{"line":12,"column":3}},"line":7},"2":{"name":"(anonymous_2)","decl":{"start":{"line":30,"column":21},"end":{"line":30,"column":22}},"loc":{"start":{"line":30,"column":27},"end":{"line":36,"column":13}},"line":30},"3":{"name":"(anonymous_3)","decl":{"start":{"line":51,"column":24},"end":{"line":51,"column":25}},"loc":{"start":{"line":51,"column":49},"end":{"line":51,"column":67}},"line":51}},"branchMap":{"0":{"loc":{"start":{"line":8,"column":4},"end":{"line":10,"column":5}},"type":"if","locations":[{"start":{"line":8,"column":4},"end":{"line":10,"column":5}},{"start":{"line":8,"column":4},"end":{"line":10,"column":5}}],"line":8},"1":{"loc":{"start":{"line":11,"column":11},"end":{"line":11,"column":68}},"type":"cond-expr","locations":[{"start":{"line":11,"column":34},"end":{"line":11,"column":43}},{"start":{"line":11,"column":46},"end":{"line":11,"column":68}}],"line":11},"2":{"loc":{"start":{"line":20,"column":16},"end":{"line":20,"column":50}},"type":"cond-expr","locations":[{"start":{"line":20,"column":39},"end":{"line":20,"column":43}},{"start":{"line":20,"column":46},"end":{"line":20,"column":50}}],"line":20},"3":{"loc":{"start":{"line":31,"column":14},"end":{"line":35,"column":15}},"type":"if","locations":[{"start":{"line":31,"column":14},"end":{"line":35,"column":15}},{"start":{"line":31,"column":14},"end":{"line":35,"column":15}}],"line":31}},"s":{"0":3,"1":10,"2":10,"3":2,"4":8,"5":10,"6":0,"7":0,"8":3,"9":3,"10":2},"f":{"0":10,"1":10,"2":0,"3":2},"b":{"0":[2,8],"1":[2,6],"2":[2,8],"3":[0,0]},"_coverageSchema":"332fd63041d2c1bcb487cc26dd0d5f7d97098a6c","hash":"3086cdbb62bfa72bc8d2d50f217fb41411525af9"}
,"/development/SpotifyApp/src/app/components/index.js": {"path":"/development/SpotifyApp/src/app/components/index.js","statementMap":{},"fnMap":{},"branchMap":{},"s":{},"f":{},"b":{},"_coverageSchema":"332fd63041d2c1bcb487cc26dd0d5f7d97098a6c","hash":"43126cf5e8afce3ee4125433103a4d16885afdf2"}
,"/development/SpotifyApp/src/app/components/login.jsx": {"path":"/development/SpotifyApp/src/app/components/login.jsx","statementMap":{"0":{"start":{"line":6,"column":21},"end":{"line":23,"column":1}},"1":{"start":{"line":7,"column":2},"end":{"line":22,"column":14}},"2":{"start":{"line":25,"column":0},"end":{"line":27,"column":2}},"3":{"start":{"line":29,"column":24},"end":{"line":29,"column":68}},"4":{"start":{"line":29,"column":49},"end":{"line":29,"column":67}}},"fnMap":{"0":{"name":"(anonymous_0)","decl":{"start":{"line":6,"column":21},"end":{"line":6,"column":22}},"loc":{"start":{"line":7,"column":2},"end":{"line":22,"column":14}},"line":7},"1":{"name":"(anonymous_1)","decl":{"start":{"line":29,"column":24},"end":{"line":29,"column":25}},"loc":{"start":{"line":29,"column":49},"end":{"line":29,"column":67}},"line":29}},"branchMap":{"0":{"loc":{"start":{"line":11,"column":18},"end":{"line":11,"column":54}},"type":"cond-expr","locations":[{"start":{"line":11,"column":41},"end":{"line":11,"column":46}},{"start":{"line":11,"column":49},"end":{"line":11,"column":54}}],"line":11},"1":{"loc":{"start":{"line":12,"column":19},"end":{"line":12,"column":57}},"type":"cond-expr","locations":[{"start":{"line":12,"column":42},"end":{"line":12,"column":47}},{"start":{"line":12,"column":50},"end":{"line":12,"column":57}}],"line":12},"2":{"loc":{"start":{"line":18,"column":10},"end":{"line":18,"column":44}},"type":"cond-expr","locations":[{"start":{"line":18,"column":33},"end":{"line":18,"column":37}},{"start":{"line":18,"column":40},"end":{"line":18,"column":44}}],"line":18}},"s":{"0":3,"1":7,"2":3,"3":3,"4":2},"f":{"0":7,"1":2},"b":{"0":[2,5],"1":[2,5],"2":[2,5]},"_coverageSchema":"332fd63041d2c1bcb487cc26dd0d5f7d97098a6c","hash":"6f1df94051faea82cedf5271d89e41eba72d4e0b"}
,"/development/SpotifyApp/src/app/components/router.jsx": {"path":"/development/SpotifyApp/src/app/components/router.jsx","statementMap":{"0":{"start":{"line":9,"column":2},"end":{"line":14,"column":18}}},"fnMap":{"0":{"name":"(anonymous_0)","decl":{"start":{"line":8,"column":15},"end":{"line":8,"column":16}},"loc":{"start":{"line":9,"column":2},"end":{"line":14,"column":18}},"line":9}},"branchMap":{},"s":{"0":1},"f":{"0":1},"b":{},"_coverageSchema":"332fd63041d2c1bcb487cc26dd0d5f7d97098a6c","hash":"ce56260158515d2ee60e56e0eb6ac100b1aaca2a"}
,"/development/SpotifyApp/src/app/components/user_stats.jsx": {"path":"/development/SpotifyApp/src/app/components/user_stats.jsx","statementMap":{"0":{"start":{"line":4,"column":2},"end":{"line":6,"column":8}}},"fnMap":{"0":{"name":"(anonymous_0)","decl":{"start":{"line":3,"column":15},"end":{"line":3,"column":16}},"loc":{"start":{"line":4,"column":2},"end":{"line":6,"column":8}},"line":4}},"branchMap":{},"s":{"0":0},"f":{"0":0},"b":{},"_coverageSchema":"332fd63041d2c1bcb487cc26dd0d5f7d97098a6c","hash":"b6bf4913fecc54a675b5bce6fdeec777a5970ae1"}
,"/development/SpotifyApp/src/app/components/hoc/index.js": {"path":"/development/SpotifyApp/src/app/components/hoc/index.js","statementMap":{},"fnMap":{},"branchMap":{},"s":{},"f":{},"b":{},"_coverageSchema":"332fd63041d2c1bcb487cc26dd0d5f7d97098a6c","hash":"650d36d139d3e21e039a62a362454d8582abf920"}
,"/development/SpotifyApp/src/app/components/hoc/size_detector.jsx": {"path":"/development/SpotifyApp/src/app/components/hoc/size_detector.jsx","statementMap":{"0":{"start":{"line":8,"column":6},"end":{"line":8,"column":19}},"1":{"start":{"line":10,"column":6},"end":{"line":10,"column":73}},"2":{"start":{"line":14,"column":6},"end":{"line":14,"column":69}},"3":{"start":{"line":18,"column":6},"end":{"line":18,"column":72}},"4":{"start":{"line":22,"column":6},"end":{"line":22,"column":75}},"5":{"start":{"line":26,"column":6},"end":{"line":31,"column":8}},"6":{"start":{"line":35,"column":2},"end":{"line":35,"column":22}}},"fnMap":{"0":{"name":"(anonymous_0)","decl":{"start":{"line":5,"column":15},"end":{"line":5,"column":16}},"loc":{"start":{"line":5,"column":38},"end":{"line":36,"column":1}},"line":5},"1":{"name":"(anonymous_1)","decl":{"start":{"line":7,"column":4},"end":{"line":7,"column":5}},"loc":{"start":{"line":7,"column":23},"end":{"line":11,"column":5}},"line":7},"2":{"name":"(anonymous_2)","decl":{"start":{"line":13,"column":4},"end":{"line":13,"column":5}},"loc":{"start":{"line":13,"column":25},"end":{"line":15,"column":5}},"line":13},"3":{"name":"(anonymous_3)","decl":{"start":{"line":17,"column":4},"end":{"line":17,"column":5}},"loc":{"start":{"line":17,"column":27},"end":{"line":19,"column":5}},"line":17},"4":{"name":"(anonymous_4)","decl":{"start":{"line":21,"column":29},"end":{"line":21,"column":30}},"loc":{"start":{"line":21,"column":35},"end":{"line":23,"column":5}},"line":21},"5":{"name":"(anonymous_5)","decl":{"start":{"line":25,"column":4},"end":{"line":25,"column":5}},"loc":{"start":{"line":25,"column":13},"end":{"line":32,"column":5}},"line":25}},"branchMap":{},"s":{"0":1,"1":1,"2":1,"3":0,"4":0,"5":1,"6":2},"f":{"0":2,"1":1,"2":1,"3":0,"4":0,"5":1},"b":{},"_coverageSchema":"332fd63041d2c1bcb487cc26dd0d5f7d97098a6c","hash":"34f334b3a9394057146ada3eb4395ba6b49d2963"}
,"/development/SpotifyApp/src/app/reducers/device.js": {"path":"/development/SpotifyApp/src/app/reducers/device.js","statementMap":{"0":{"start":{"line":5,"column":2},"end":{"line":10,"column":3}},"1":{"start":{"line":7,"column":6},"end":{"line":7,"column":43}},"2":{"start":{"line":9,"column":6},"end":{"line":9,"column":19}}},"fnMap":{"0":{"name":"(anonymous_0)","decl":{"start":{"line":4,"column":15},"end":{"line":4,"column":16}},"loc":{"start":{"line":4,"column":76},"end":{"line":11,"column":1}},"line":4}},"branchMap":{"0":{"loc":{"start":{"line":4,"column":25},"end":{"line":4,"column":66}},"type":"default-arg","locations":[{"start":{"line":4,"column":33},"end":{"line":4,"column":66}}],"line":4},"1":{"loc":{"start":{"line":5,"column":2},"end":{"line":10,"column":3}},"type":"switch","locations":[{"start":{"line":6,"column":4},"end":{"line":7,"column":43}},{"start":{"line":8,"column":4},"end":{"line":9,"column":19}}],"line":5}},"s":{"0":2,"1":1,"2":1},"f":{"0":2},"b":{"0":[2],"1":[1,1]},"_coverageSchema":"332fd63041d2c1bcb487cc26dd0d5f7d97098a6c","hash":"d9e36d345a7bda33c4d0f215c88089398175b663"}
,"/development/SpotifyApp/src/app/util/is_device_mobile.js": {"path":"/development/SpotifyApp/src/app/util/is_device_mobile.js","statementMap":{"0":{"start":{"line":1,"column":24},"end":{"line":1,"column":36}}},"fnMap":{"0":{"name":"(anonymous_0)","decl":{"start":{"line":1,"column":15},"end":{"line":1,"column":16}},"loc":{"start":{"line":1,"column":24},"end":{"line":1,"column":36}},"line":1}},"branchMap":{},"s":{"0":7},"f":{"0":7},"b":{},"_coverageSchema":"332fd63041d2c1bcb487cc26dd0d5f7d97098a6c","hash":"1452745037024dde6260e8a14f2ad85b951c1442"}
,"/development/SpotifyApp/src/test/app/initial_state.js": {"path":"/development/SpotifyApp/src/test/app/initial_state.js","statementMap":{},"fnMap":{},"branchMap":{},"s":{},"f":{},"b":{},"_coverageSchema":"332fd63041d2c1bcb487cc26dd0d5f7d97098a6c","hash":"706a01a6e9d82c6205145bb8c066e6195cc8e1e5"}
}
