TN:
SF:/development/SpotifyApp/test-setup.js
FNF:0
FNH:0
DA:4,7
LF:1
LH:1
BRF:0
BRH:0
end_of_record
TN:
SF:/development/SpotifyApp/src/app/actions/device.js
FN:3,(anonymous_0)
FNF:1
FNH:1
FNDA:1,(anonymous_0)
DA:4,1
LF:1
LH:1
BRF:0
BRH:0
end_of_record
TN:
SF:/development/SpotifyApp/src/app/actions/types.js
FNF:0
FNH:0
DA:3,2
LF:1
LH:1
BRF:0
BRH:0
end_of_record
TN:
SF:/development/SpotifyApp/src/app/components/app.jsx
FN:8,(anonymous_0)
FNF:1
FNH:1
FNDA:2,(anonymous_0)
DA:8,2
DA:9,2
DA:16,2
LF:3
LH:3
BRF:0
BRH:0
end_of_record
TN:
SF:/development/SpotifyApp/src/app/components/footer.jsx
FN:3,(anonymous_0)
FNF:1
FNH:1
FNDA:1,(anonymous_0)
DA:3,2
DA:4,1
LF:2
LH:2
BRF:0
BRH:0
end_of_record
TN:
SF:/development/SpotifyApp/src/app/components/header.jsx
FN:6,(anonymous_0)
FN:7,(anonymous_1)
FN:30,(anonymous_2)
FN:51,(anonymous_3)
FNF:4
FNH:3
FNDA:10,(anonymous_0)
FNDA:10,(anonymous_1)
FNDA:0,(anonymous_2)
FNDA:2,(anonymous_3)
DA:6,3
DA:7,10
DA:8,10
DA:9,2
DA:11,8
DA:14,10
DA:31,0
DA:34,0
DA:46,3
DA:51,3
LF:10
LH:8
BRDA:8,0,0,2
BRDA:8,0,1,8
BRDA:11,1,0,2
BRDA:11,1,1,6
BRDA:20,2,0,2
BRDA:20,2,1,8
BRDA:31,3,0,0
BRDA:31,3,1,0
BRF:8
BRH:6
end_of_record
TN:
SF:/development/SpotifyApp/src/app/components/index.js
FNF:0
FNH:0
LF:0
LH:0
BRF:0
BRH:0
end_of_record
TN:
SF:/development/SpotifyApp/src/app/components/login.jsx
FN:6,(anonymous_0)
FN:29,(anonymous_1)
FNF:2
FNH:2
FNDA:7,(anonymous_0)
FNDA:2,(anonymous_1)
DA:6,3
DA:7,7
DA:25,3
DA:29,3
LF:4
LH:4
BRDA:11,0,0,2
BRDA:11,0,1,5
BRDA:12,1,0,2
BRDA:12,1,1,5
BRDA:18,2,0,2
BRDA:18,2,1,5
BRF:6
BRH:6
end_of_record
TN:
SF:/development/SpotifyApp/src/app/components/router.jsx
FN:8,(anonymous_0)
FNF:1
FNH:1
FNDA:1,(anonymous_0)
DA:9,1
LF:1
LH:1
BRF:0
BRH:0
end_of_record
TN:
SF:/development/SpotifyApp/src/app/components/user_stats.jsx
FN:3,(anonymous_0)
FNF:1
FNH:0
FNDA:0,(anonymous_0)
DA:4,0
LF:1
LH:0
BRF:0
BRH:0
end_of_record
TN:
SF:/development/SpotifyApp/src/app/components/hoc/index.js
FNF:0
FNH:0
LF:0
LH:0
BRF:0
BRH:0
end_of_record
TN:
SF:/development/SpotifyApp/src/app/components/hoc/size_detector.jsx
FN:5,(anonymous_0)
FN:7,(anonymous_1)
FN:13,(anonymous_2)
FN:17,(anonymous_3)
FN:21,(anonymous_4)
FN:25,(anonymous_5)
FNF:6
FNH:4
FNDA:2,(anonymous_0)
FNDA:1,(anonymous_1)
FNDA:1,(anonymous_2)
FNDA:0,(anonymous_3)
FNDA:0,(anonymous_4)
FNDA:1,(anonymous_5)
DA:8,1
DA:10,1
DA:14,1
DA:18,0
DA:22,0
DA:26,1
DA:35,2
LF:7
LH:5
BRF:0
BRH:0
end_of_record
TN:
SF:/development/SpotifyApp/src/app/reducers/device.js
FN:4,(anonymous_0)
FNF:1
FNH:1
FNDA:2,(anonymous_0)
DA:5,2
DA:7,1
DA:9,1
LF:3
LH:3
BRDA:4,0,0,2
BRDA:5,1,0,1
BRDA:5,1,1,1
BRF:3
BRH:3
end_of_record
TN:
SF:/development/SpotifyApp/src/app/util/is_device_mobile.js
FN:1,(anonymous_0)
FNF:1
FNH:1
FNDA:7,(anonymous_0)
DA:1,7
LF:1
LH:1
BRF:0
BRH:0
end_of_record
TN:
SF:/development/SpotifyApp/src/test/app/initial_state.js
FNF:0
FNH:0
LF:0
LH:0
BRF:0
BRH:0
end_of_record
